<?xml version="1.0" encoding="UTF-8"?>
<!-- Generated by org.testng.reporters.JUnitXMLReporter -->
<testsuite ignored="3" hostname="Sanskruti" failures="0" tests="2" name="RegressionTest" time="0.055" errors="0" timestamp="2022-09-29T10:49:34 IST">
  <testcase classname="Test_testngDemo.Testt5" name="M2" time="0.007"/>
  <testcase classname="Test_testngDemo.Testt5" name="M4" time="0.001"/>
  <testcase classname="Test_testngDemo.Testt5" name="M3" time="0.0">
    <ignored/>
  </testcase> <!-- M3 -->
  <testcase classname="Test_testngDemo.Testt5" name="M5" time="0.0">
    <ignored/>
  </testcase> <!-- M5 -->
  <testcase classname="Test_testngDemo.Testt5" name="M1" time="0.0">
    <ignored/>
  </testcase> <!-- M1 -->
</testsuite> <!-- RegressionTest -->
