<?xml version="1.0" encoding="UTF-8"?>
<!-- Generated by org.testng.reporters.JUnitXMLReporter -->
<testsuite ignored="0" hostname="Sanskruti" failures="0" tests="3" name="Chrome_CrossTest" time="12.313" errors="0" timestamp="2022-09-28T22:23:09 IST">
  <testcase classname="Test_testngDemo.Testt_crossbr" name="test1" time="0.016"/>
  <testcase classname="Test_testngDemo.Testt_crossbr" name="testa" time="0.003"/>
  <testcase classname="Test_testngDemo.Test_crosss" name="test3" time="0.002"/>
</testsuite> <!-- Chrome_CrossTest -->
