<?xml version="1.0" encoding="UTF-8"?>
<!-- Generated by org.testng.reporters.JUnitXMLReporter -->
<testsuite ignored="0" hostname="Sanskruti" failures="0" tests="1" name="CrossTest" time="0.052" errors="0" timestamp="2022-09-28T16:12:12 IST">
  <testcase classname="Test_testngDemo.Testt_crossbr" name="@BeforeMethod BM" time="-1.664361732846E9">
    <failure type="org.testng.TestNGException" message="
Can inject only one of &amp;lt;ITestContext, XmlTest, Method, Object[], ITestResult&amp;gt; into a @BeforeMethod annotated BM.
For more information on native dependency injection please refer to https://testng.org/doc/documentation-main.html#native-dependency-injection">
      <![CDATA[org.testng.TestNGException: 
Can inject only one of <ITestContext, XmlTest, Method, Object[], ITestResult> into a @BeforeMethod annotated BM.
For more information on native dependency injection please refer to https://testng.org/doc/documentation-main.html#native-dependency-injection
at java.base/java.util.ArrayList.forEach(ArrayList.java:1541)
... Removed 28 stack frames]]>
    </failure>
  </testcase> <!-- @BeforeMethod BM -->
  <testcase classname="Test_testngDemo.Testt_crossbr" name="@AfterMethod AM" time="-1.664361732867E9">
    <skipped/>
  </testcase> <!-- @AfterMethod AM -->
  <testcase classname="Test_testngDemo.Testt_crossbr" name="test1" time="0.0">
    <skipped/>
  </testcase> <!-- test1 -->
</testsuite> <!-- CrossTest -->
