<?xml version="1.0" encoding="UTF-8"?>
<!-- Generated by org.testng.reporters.JUnitXMLReporter -->
<testsuite ignored="1" hostname="Sanskruti" failures="0" tests="20" name="DemoTest" time="14.161" errors="0" timestamp="2022-09-27T18:21:37 IST">
  <testcase classname="Test_testngDemo.Testt4" name="testc" time="0.004"/>
  <testcase classname="Test_testngDemo.Testt4" name="testd" time="0.001"/>
  <testcase classname="Test_testngDemo.Testt4" name="testa" time="0.0"/>
  <testcase classname="Test_testngDemo.Testt4" name="testa" time="0.001"/>
  <testcase classname="Test_testngDemo.Testt4" name="testa" time="0.001"/>
  <testcase classname="Test_testngDemo.Testt3" name="test_VerifyfunFblogin_1" time="0.101"/>
  <testcase classname="Test_testngDemo.Testt3" name="test_VerifyfunFblogin_2" time="0.086"/>
  <testcase classname="Test_testngDemo.Testt3" name="test_VerifyfunFblogin_3" time="0.096"/>
  <testcase classname="Test_testngDemo.Testt2" name="test1" time="0.001"/>
  <testcase classname="Test_testngDemo.Testt2" name="test2" time="0.001"/>
  <testcase classname="Test_testngDemo.Testt2" name="test3" time="0.0"/>
  <testcase classname="Test_testngDemo.Testt2" name="test4" time="0.001"/>
  <testcase classname="Test_testngDemo.Testt2" name="test5" time="0.001"/>
  <testcase classname="Test_testngDemo.Testt1" name="Test001" time="0.001"/>
  <testcase classname="Test_testngDemo.Testt1" name="Test002" time="0.001"/>
  <testcase classname="Test_testngDemo.Testt5" name="M1" time="0.001"/>
  <testcase classname="Test_testngDemo.Testt5" name="M2" time="0.001"/>
  <testcase classname="Test_testngDemo.Testt5" name="M3" time="0.0"/>
  <testcase classname="Test_testngDemo.Testt5" name="M4" time="0.001"/>
  <testcase classname="Test_testngDemo.Testt5" name="M5" time="0.001"/>
  <testcase classname="Test_testngDemo.Testt4" name="testb" time="0.0">
    <ignored/>
  </testcase> <!-- testb -->
</testsuite> <!-- DemoTest -->
