<?xml version="1.0" encoding="UTF-8"?>
<!-- Generated by org.testng.reporters.JUnitXMLReporter -->
<testsuite ignored="1" hostname="Sanskruti" failures="0" tests="2" name="Test" time="0.045" errors="0" timestamp="2022-09-27T18:40:19 IST">
  <testcase classname="Test_testngDemo.Testt6" name="a2" time="0.012"/>
  <testcase classname="Test_testngDemo.Testt6" name="a3" time="0.001"/>
  <testcase classname="Test_testngDemo.Testt6" name="a1" time="0.0">
    <ignored/>
  </testcase> <!-- a1 -->
</testsuite> <!-- Test -->
