<?xml version="1.0" encoding="UTF-8"?>
<testng-results ignored="0" total="1" passed="1" failed="0" skipped="0">
  <reporter-output>
  </reporter-output>
  <suite started-at="2022-10-04T23:07:53 IST" name="Default suite" finished-at="2022-10-04T23:08:38 IST" duration-ms="45256">
    <groups>
    </groups>
    <test started-at="2022-10-04T23:07:53 IST" name="Default test" finished-at="2022-10-04T23:08:38 IST" duration-ms="45256">
      <class name="Test_testngDemo.Test_amazon">
        <test-method signature="testFunAmazon()[pri:0, instance:Test_testngDemo.Test_amazon@67c33749]" started-at="2022-10-04T23:07:53 IST" name="testFunAmazon" finished-at="2022-10-04T23:08:38 IST" duration-ms="45205" status="PASS">
          <reporter-output>
          </reporter-output>
        </test-method> <!-- testFunAmazon -->
      </class> <!-- Test_testngDemo.Test_amazon -->
    </test> <!-- Default test -->
  </suite> <!-- Default suite -->
</testng-results>
