<?xml version="1.0" encoding="UTF-8"?>
<!-- Generated by org.testng.reporters.JUnitXMLReporter -->
<testsuite ignored="2" hostname="Sanskruti" failures="0" tests="3" name="Test" time="0.054" errors="0" timestamp="2022-09-27T18:13:55 IST">
  <testcase classname="Test_testngDemo.Testt5" name="M1" time="0.006"/>
  <testcase classname="Test_testngDemo.Testt5" name="M3" time="0.002"/>
  <testcase classname="Test_testngDemo.Testt5" name="M5" time="0.001"/>
  <testcase classname="Test_testngDemo.Testt5" name="M2" time="0.0">
    <ignored/>
  </testcase> <!-- M2 -->
  <testcase classname="Test_testngDemo.Testt5" name="M4" time="0.0">
    <ignored/>
  </testcase> <!-- M4 -->
</testsuite> <!-- Test -->
